INFO - 2024-11-14 07:24:04 --> Session: Class initialized using 'CodeIgniter\Session\Handlers\FileHandler' driver.
INFO - 2024-11-14 07:28:29 --> Session: Class initialized using 'CodeIgniter\Session\Handlers\FileHandler' driver.
ERROR - 2024-11-14 07:28:29 --> mysqli_sql_exception: Column 'id_tamu' cannot be null in C:\xampp\htdocs\tb1\booking_hotel\vendor\codeigniter4\framework\system\Database\MySQLi\Connection.php:312
Stack trace:
#0 C:\xampp\htdocs\tb1\booking_hotel\vendor\codeigniter4\framework\system\Database\MySQLi\Connection.php(312): mysqli->query('INSERT INTO `bo...', 0)
#1 C:\xampp\htdocs\tb1\booking_hotel\vendor\codeigniter4\framework\system\Database\BaseConnection.php(734): CodeIgniter\Database\MySQLi\Connection->execute('INSERT INTO `bo...')
#2 C:\xampp\htdocs\tb1\booking_hotel\vendor\codeigniter4\framework\system\Database\BaseConnection.php(648): CodeIgniter\Database\BaseConnection->simpleQuery('INSERT INTO `bo...')
#3 C:\xampp\htdocs\tb1\booking_hotel\vendor\codeigniter4\framework\system\Database\BaseBuilder.php(2340): CodeIgniter\Database\BaseConnection->query('INSERT INTO `bo...', Array, false)
#4 C:\xampp\htdocs\tb1\booking_hotel\vendor\codeigniter4\framework\system\Model.php(394): CodeIgniter\Database\BaseBuilder->insert()
#5 C:\xampp\htdocs\tb1\booking_hotel\vendor\codeigniter4\framework\system\BaseModel.php(840): CodeIgniter\Model->doInsert(Array)
#6 C:\xampp\htdocs\tb1\booking_hotel\vendor\codeigniter4\framework\system\Model.php(802): CodeIgniter\BaseModel->insert(Array, true)
#7 C:\xampp\htdocs\tb1\booking_hotel\app\Controllers\BookingController.php(127): CodeIgniter\Model->insert(Array)
#8 C:\xampp\htdocs\tb1\booking_hotel\vendor\codeigniter4\framework\system\CodeIgniter.php(933): App\Controllers\BookingController->storeBooking()
#9 C:\xampp\htdocs\tb1\booking_hotel\vendor\codeigniter4\framework\system\CodeIgniter.php(509): CodeIgniter\CodeIgniter->runController(Object(App\Controllers\BookingController))
#10 C:\xampp\htdocs\tb1\booking_hotel\vendor\codeigniter4\framework\system\CodeIgniter.php(355): CodeIgniter\CodeIgniter->handleRequest(NULL, Object(Config\Cache), false)
#11 C:\xampp\htdocs\tb1\booking_hotel\vendor\codeigniter4\framework\system\Boot.php(325): CodeIgniter\CodeIgniter->run()
#12 C:\xampp\htdocs\tb1\booking_hotel\vendor\codeigniter4\framework\system\Boot.php(67): CodeIgniter\Boot::runCodeIgniter(Object(CodeIgniter\CodeIgniter))
#13 C:\xampp\htdocs\tb1\booking_hotel\public\index.php(56): CodeIgniter\Boot::bootWeb(Object(Config\Paths))
#14 C:\xampp\htdocs\tb1\booking_hotel\vendor\codeigniter4\framework\system\rewrite.php(44): require_once('C:\\xampp\\htdocs...')
#15 {main}
CRITICAL - 2024-11-14 07:28:29 --> CodeIgniter\Database\Exceptions\DatabaseException: Column 'id_tamu' cannot be null
[Method: POST, Route: storeBooking]
in SYSTEMPATH\Database\BaseConnection.php on line 688.
 1 SYSTEMPATH\Database\BaseBuilder.php(2340): CodeIgniter\Database\BaseConnection->query('INSERT INTO `booking` (`id_tamu`, `id_kamar`, `tanggal_checkin`, `tanggal_checkout`, `jumlah_kamar`, `total_harga`, `status`) VALUES (:id_tamu:, :id_kamar:, :tanggal_checkin:, :tanggal_checkout:, :jumlah_kamar:, :total_harga:, :status:)', [...], false)
 2 SYSTEMPATH\Model.php(394): CodeIgniter\Database\BaseBuilder->insert()
 3 SYSTEMPATH\BaseModel.php(840): CodeIgniter\Model->doInsert([...])
 4 SYSTEMPATH\Model.php(802): CodeIgniter\BaseModel->insert([...], true)
 5 APPPATH\Controllers\BookingController.php(127): CodeIgniter\Model->insert([...])
 6 SYSTEMPATH\CodeIgniter.php(933): App\Controllers\BookingController->storeBooking()
 7 SYSTEMPATH\CodeIgniter.php(509): CodeIgniter\CodeIgniter->runController(Object(App\Controllers\BookingController))
 8 SYSTEMPATH\CodeIgniter.php(355): CodeIgniter\CodeIgniter->handleRequest(null, Object(Config\Cache), false)
 9 SYSTEMPATH\Boot.php(325): CodeIgniter\CodeIgniter->run()
10 SYSTEMPATH\Boot.php(67): CodeIgniter\Boot::runCodeIgniter(Object(CodeIgniter\CodeIgniter))
11 FCPATH\index.php(56): CodeIgniter\Boot::bootWeb(Object(Config\Paths))
12 SYSTEMPATH\rewrite.php(44): require_once('C:\\xampp\\htdocs\\tb1\\booking_hotel\\public\\index.php')
CRITICAL - 2024-11-14 07:28:29 --> [Caused by] CodeIgniter\Database\Exceptions\DatabaseException: Column 'id_tamu' cannot be null
in SYSTEMPATH\Database\MySQLi\Connection.php on line 317.
 1 SYSTEMPATH\Database\BaseConnection.php(734): CodeIgniter\Database\MySQLi\Connection->execute('INSERT INTO `booking` (`id_tamu`, `id_kamar`, `tanggal_checkin`, `tanggal_checkout`, `jumlah_kamar`, `total_harga`, `status`) VALUES (NULL, \'1\', \'2024-11-01\', \'2024-11-02\', \'1\', 450000, \'Booked\')')
 2 SYSTEMPATH\Database\BaseConnection.php(648): CodeIgniter\Database\BaseConnection->simpleQuery('INSERT INTO `booking` (`id_tamu`, `id_kamar`, `tanggal_checkin`, `tanggal_checkout`, `jumlah_kamar`, `total_harga`, `status`) VALUES (NULL, \'1\', \'2024-11-01\', \'2024-11-02\', \'1\', 450000, \'Booked\')')
 3 SYSTEMPATH\Database\BaseBuilder.php(2340): CodeIgniter\Database\BaseConnection->query('INSERT INTO `booking` (`id_tamu`, `id_kamar`, `tanggal_checkin`, `tanggal_checkout`, `jumlah_kamar`, `total_harga`, `status`) VALUES (:id_tamu:, :id_kamar:, :tanggal_checkin:, :tanggal_checkout:, :jumlah_kamar:, :total_harga:, :status:)', [...], false)
 4 SYSTEMPATH\Model.php(394): CodeIgniter\Database\BaseBuilder->insert()
 5 SYSTEMPATH\BaseModel.php(840): CodeIgniter\Model->doInsert([...])
 6 SYSTEMPATH\Model.php(802): CodeIgniter\BaseModel->insert([...], true)
 7 APPPATH\Controllers\BookingController.php(127): CodeIgniter\Model->insert([...])
 8 SYSTEMPATH\CodeIgniter.php(933): App\Controllers\BookingController->storeBooking()
 9 SYSTEMPATH\CodeIgniter.php(509): CodeIgniter\CodeIgniter->runController(Object(App\Controllers\BookingController))
10 SYSTEMPATH\CodeIgniter.php(355): CodeIgniter\CodeIgniter->handleRequest(null, Object(Config\Cache), false)
11 SYSTEMPATH\Boot.php(325): CodeIgniter\CodeIgniter->run()
12 SYSTEMPATH\Boot.php(67): CodeIgniter\Boot::runCodeIgniter(Object(CodeIgniter\CodeIgniter))
13 FCPATH\index.php(56): CodeIgniter\Boot::bootWeb(Object(Config\Paths))
14 SYSTEMPATH\rewrite.php(44): require_once('C:\\xampp\\htdocs\\tb1\\booking_hotel\\public\\index.php')
CRITICAL - 2024-11-14 07:28:29 --> [Caused by] mysqli_sql_exception: Column 'id_tamu' cannot be null
in SYSTEMPATH\Database\MySQLi\Connection.php on line 312.
 1 SYSTEMPATH\Database\MySQLi\Connection.php(312): mysqli->query('INSERT INTO `booking` (`id_tamu`, `id_kamar`, `tanggal_checkin`, `tanggal_checkout`, `jumlah_kamar`, `total_harga`, `status`) VALUES (NULL, \'1\', \'2024-11-01\', \'2024-11-02\', \'1\', 450000, \'Booked\')', 0)
 2 SYSTEMPATH\Database\BaseConnection.php(734): CodeIgniter\Database\MySQLi\Connection->execute('INSERT INTO `booking` (`id_tamu`, `id_kamar`, `tanggal_checkin`, `tanggal_checkout`, `jumlah_kamar`, `total_harga`, `status`) VALUES (NULL, \'1\', \'2024-11-01\', \'2024-11-02\', \'1\', 450000, \'Booked\')')
 3 SYSTEMPATH\Database\BaseConnection.php(648): CodeIgniter\Database\BaseConnection->simpleQuery('INSERT INTO `booking` (`id_tamu`, `id_kamar`, `tanggal_checkin`, `tanggal_checkout`, `jumlah_kamar`, `total_harga`, `status`) VALUES (NULL, \'1\', \'2024-11-01\', \'2024-11-02\', \'1\', 450000, \'Booked\')')
 4 SYSTEMPATH\Database\BaseBuilder.php(2340): CodeIgniter\Database\BaseConnection->query('INSERT INTO `booking` (`id_tamu`, `id_kamar`, `tanggal_checkin`, `tanggal_checkout`, `jumlah_kamar`, `total_harga`, `status`) VALUES (:id_tamu:, :id_kamar:, :tanggal_checkin:, :tanggal_checkout:, :jumlah_kamar:, :total_harga:, :status:)', [...], false)
 5 SYSTEMPATH\Model.php(394): CodeIgniter\Database\BaseBuilder->insert()
 6 SYSTEMPATH\BaseModel.php(840): CodeIgniter\Model->doInsert([...])
 7 SYSTEMPATH\Model.php(802): CodeIgniter\BaseModel->insert([...], true)
 8 APPPATH\Controllers\BookingController.php(127): CodeIgniter\Model->insert([...])
 9 SYSTEMPATH\CodeIgniter.php(933): App\Controllers\BookingController->storeBooking()
10 SYSTEMPATH\CodeIgniter.php(509): CodeIgniter\CodeIgniter->runController(Object(App\Controllers\BookingController))
11 SYSTEMPATH\CodeIgniter.php(355): CodeIgniter\CodeIgniter->handleRequest(null, Object(Config\Cache), false)
12 SYSTEMPATH\Boot.php(325): CodeIgniter\CodeIgniter->run()
13 SYSTEMPATH\Boot.php(67): CodeIgniter\Boot::runCodeIgniter(Object(CodeIgniter\CodeIgniter))
14 FCPATH\index.php(56): CodeIgniter\Boot::bootWeb(Object(Config\Paths))
15 SYSTEMPATH\rewrite.php(44): require_once('C:\\xampp\\htdocs\\tb1\\booking_hotel\\public\\index.php')
INFO - 2024-11-14 07:34:45 --> Session: Class initialized using 'CodeIgniter\Session\Handlers\FileHandler' driver.
INFO - 2024-11-14 07:34:58 --> Session: Class initialized using 'CodeIgniter\Session\Handlers\FileHandler' driver.
ERROR - 2024-11-14 07:34:58 --> mysqli_sql_exception: Column 'id_tamu' cannot be null in C:\xampp\htdocs\tb1\booking_hotel\vendor\codeigniter4\framework\system\Database\MySQLi\Connection.php:312
Stack trace:
#0 C:\xampp\htdocs\tb1\booking_hotel\vendor\codeigniter4\framework\system\Database\MySQLi\Connection.php(312): mysqli->query('INSERT INTO `bo...', 0)
#1 C:\xampp\htdocs\tb1\booking_hotel\vendor\codeigniter4\framework\system\Database\BaseConnection.php(734): CodeIgniter\Database\MySQLi\Connection->execute('INSERT INTO `bo...')
#2 C:\xampp\htdocs\tb1\booking_hotel\vendor\codeigniter4\framework\system\Database\BaseConnection.php(648): CodeIgniter\Database\BaseConnection->simpleQuery('INSERT INTO `bo...')
#3 C:\xampp\htdocs\tb1\booking_hotel\vendor\codeigniter4\framework\system\Database\BaseBuilder.php(2340): CodeIgniter\Database\BaseConnection->query('INSERT INTO `bo...', Array, false)
#4 C:\xampp\htdocs\tb1\booking_hotel\vendor\codeigniter4\framework\system\Model.php(394): CodeIgniter\Database\BaseBuilder->insert()
#5 C:\xampp\htdocs\tb1\booking_hotel\vendor\codeigniter4\framework\system\BaseModel.php(840): CodeIgniter\Model->doInsert(Array)
#6 C:\xampp\htdocs\tb1\booking_hotel\vendor\codeigniter4\framework\system\Model.php(802): CodeIgniter\BaseModel->insert(Array, true)
#7 C:\xampp\htdocs\tb1\booking_hotel\app\Controllers\BookingController.php(127): CodeIgniter\Model->insert(Array)
#8 C:\xampp\htdocs\tb1\booking_hotel\vendor\codeigniter4\framework\system\CodeIgniter.php(933): App\Controllers\BookingController->storeBooking()
#9 C:\xampp\htdocs\tb1\booking_hotel\vendor\codeigniter4\framework\system\CodeIgniter.php(509): CodeIgniter\CodeIgniter->runController(Object(App\Controllers\BookingController))
#10 C:\xampp\htdocs\tb1\booking_hotel\vendor\codeigniter4\framework\system\CodeIgniter.php(355): CodeIgniter\CodeIgniter->handleRequest(NULL, Object(Config\Cache), false)
#11 C:\xampp\htdocs\tb1\booking_hotel\vendor\codeigniter4\framework\system\Boot.php(325): CodeIgniter\CodeIgniter->run()
#12 C:\xampp\htdocs\tb1\booking_hotel\vendor\codeigniter4\framework\system\Boot.php(67): CodeIgniter\Boot::runCodeIgniter(Object(CodeIgniter\CodeIgniter))
#13 C:\xampp\htdocs\tb1\booking_hotel\public\index.php(56): CodeIgniter\Boot::bootWeb(Object(Config\Paths))
#14 C:\xampp\htdocs\tb1\booking_hotel\vendor\codeigniter4\framework\system\rewrite.php(44): require_once('C:\\xampp\\htdocs...')
#15 {main}
CRITICAL - 2024-11-14 07:34:58 --> CodeIgniter\Database\Exceptions\DatabaseException: Column 'id_tamu' cannot be null
[Method: POST, Route: storeBooking]
in SYSTEMPATH\Database\BaseConnection.php on line 688.
 1 SYSTEMPATH\Database\BaseBuilder.php(2340): CodeIgniter\Database\BaseConnection->query('INSERT INTO `booking` (`id_tamu`, `id_kamar`, `tanggal_checkin`, `tanggal_checkout`, `jumlah_kamar`, `total_harga`, `status`) VALUES (:id_tamu:, :id_kamar:, :tanggal_checkin:, :tanggal_checkout:, :jumlah_kamar:, :total_harga:, :status:)', [...], false)
 2 SYSTEMPATH\Model.php(394): CodeIgniter\Database\BaseBuilder->insert()
 3 SYSTEMPATH\BaseModel.php(840): CodeIgniter\Model->doInsert([...])
 4 SYSTEMPATH\Model.php(802): CodeIgniter\BaseModel->insert([...], true)
 5 APPPATH\Controllers\BookingController.php(127): CodeIgniter\Model->insert([...])
 6 SYSTEMPATH\CodeIgniter.php(933): App\Controllers\BookingController->storeBooking()
 7 SYSTEMPATH\CodeIgniter.php(509): CodeIgniter\CodeIgniter->runController(Object(App\Controllers\BookingController))
 8 SYSTEMPATH\CodeIgniter.php(355): CodeIgniter\CodeIgniter->handleRequest(null, Object(Config\Cache), false)
 9 SYSTEMPATH\Boot.php(325): CodeIgniter\CodeIgniter->run()
10 SYSTEMPATH\Boot.php(67): CodeIgniter\Boot::runCodeIgniter(Object(CodeIgniter\CodeIgniter))
11 FCPATH\index.php(56): CodeIgniter\Boot::bootWeb(Object(Config\Paths))
12 SYSTEMPATH\rewrite.php(44): require_once('C:\\xampp\\htdocs\\tb1\\booking_hotel\\public\\index.php')
CRITICAL - 2024-11-14 07:34:58 --> [Caused by] CodeIgniter\Database\Exceptions\DatabaseException: Column 'id_tamu' cannot be null
in SYSTEMPATH\Database\MySQLi\Connection.php on line 317.
 1 SYSTEMPATH\Database\BaseConnection.php(734): CodeIgniter\Database\MySQLi\Connection->execute('INSERT INTO `booking` (`id_tamu`, `id_kamar`, `tanggal_checkin`, `tanggal_checkout`, `jumlah_kamar`, `total_harga`, `status`) VALUES (NULL, \'1\', \'2024-11-13\', \'2024-11-14\', \'1\', 450000, \'Booked\')')
 2 SYSTEMPATH\Database\BaseConnection.php(648): CodeIgniter\Database\BaseConnection->simpleQuery('INSERT INTO `booking` (`id_tamu`, `id_kamar`, `tanggal_checkin`, `tanggal_checkout`, `jumlah_kamar`, `total_harga`, `status`) VALUES (NULL, \'1\', \'2024-11-13\', \'2024-11-14\', \'1\', 450000, \'Booked\')')
 3 SYSTEMPATH\Database\BaseBuilder.php(2340): CodeIgniter\Database\BaseConnection->query('INSERT INTO `booking` (`id_tamu`, `id_kamar`, `tanggal_checkin`, `tanggal_checkout`, `jumlah_kamar`, `total_harga`, `status`) VALUES (:id_tamu:, :id_kamar:, :tanggal_checkin:, :tanggal_checkout:, :jumlah_kamar:, :total_harga:, :status:)', [...], false)
 4 SYSTEMPATH\Model.php(394): CodeIgniter\Database\BaseBuilder->insert()
 5 SYSTEMPATH\BaseModel.php(840): CodeIgniter\Model->doInsert([...])
 6 SYSTEMPATH\Model.php(802): CodeIgniter\BaseModel->insert([...], true)
 7 APPPATH\Controllers\BookingController.php(127): CodeIgniter\Model->insert([...])
 8 SYSTEMPATH\CodeIgniter.php(933): App\Controllers\BookingController->storeBooking()
 9 SYSTEMPATH\CodeIgniter.php(509): CodeIgniter\CodeIgniter->runController(Object(App\Controllers\BookingController))
10 SYSTEMPATH\CodeIgniter.php(355): CodeIgniter\CodeIgniter->handleRequest(null, Object(Config\Cache), false)
11 SYSTEMPATH\Boot.php(325): CodeIgniter\CodeIgniter->run()
12 SYSTEMPATH\Boot.php(67): CodeIgniter\Boot::runCodeIgniter(Object(CodeIgniter\CodeIgniter))
13 FCPATH\index.php(56): CodeIgniter\Boot::bootWeb(Object(Config\Paths))
14 SYSTEMPATH\rewrite.php(44): require_once('C:\\xampp\\htdocs\\tb1\\booking_hotel\\public\\index.php')
CRITICAL - 2024-11-14 07:34:58 --> [Caused by] mysqli_sql_exception: Column 'id_tamu' cannot be null
in SYSTEMPATH\Database\MySQLi\Connection.php on line 312.
 1 SYSTEMPATH\Database\MySQLi\Connection.php(312): mysqli->query('INSERT INTO `booking` (`id_tamu`, `id_kamar`, `tanggal_checkin`, `tanggal_checkout`, `jumlah_kamar`, `total_harga`, `status`) VALUES (NULL, \'1\', \'2024-11-13\', \'2024-11-14\', \'1\', 450000, \'Booked\')', 0)
 2 SYSTEMPATH\Database\BaseConnection.php(734): CodeIgniter\Database\MySQLi\Connection->execute('INSERT INTO `booking` (`id_tamu`, `id_kamar`, `tanggal_checkin`, `tanggal_checkout`, `jumlah_kamar`, `total_harga`, `status`) VALUES (NULL, \'1\', \'2024-11-13\', \'2024-11-14\', \'1\', 450000, \'Booked\')')
 3 SYSTEMPATH\Database\BaseConnection.php(648): CodeIgniter\Database\BaseConnection->simpleQuery('INSERT INTO `booking` (`id_tamu`, `id_kamar`, `tanggal_checkin`, `tanggal_checkout`, `jumlah_kamar`, `total_harga`, `status`) VALUES (NULL, \'1\', \'2024-11-13\', \'2024-11-14\', \'1\', 450000, \'Booked\')')
 4 SYSTEMPATH\Database\BaseBuilder.php(2340): CodeIgniter\Database\BaseConnection->query('INSERT INTO `booking` (`id_tamu`, `id_kamar`, `tanggal_checkin`, `tanggal_checkout`, `jumlah_kamar`, `total_harga`, `status`) VALUES (:id_tamu:, :id_kamar:, :tanggal_checkin:, :tanggal_checkout:, :jumlah_kamar:, :total_harga:, :status:)', [...], false)
 5 SYSTEMPATH\Model.php(394): CodeIgniter\Database\BaseBuilder->insert()
 6 SYSTEMPATH\BaseModel.php(840): CodeIgniter\Model->doInsert([...])
 7 SYSTEMPATH\Model.php(802): CodeIgniter\BaseModel->insert([...], true)
 8 APPPATH\Controllers\BookingController.php(127): CodeIgniter\Model->insert([...])
 9 SYSTEMPATH\CodeIgniter.php(933): App\Controllers\BookingController->storeBooking()
10 SYSTEMPATH\CodeIgniter.php(509): CodeIgniter\CodeIgniter->runController(Object(App\Controllers\BookingController))
11 SYSTEMPATH\CodeIgniter.php(355): CodeIgniter\CodeIgniter->handleRequest(null, Object(Config\Cache), false)
12 SYSTEMPATH\Boot.php(325): CodeIgniter\CodeIgniter->run()
13 SYSTEMPATH\Boot.php(67): CodeIgniter\Boot::runCodeIgniter(Object(CodeIgniter\CodeIgniter))
14 FCPATH\index.php(56): CodeIgniter\Boot::bootWeb(Object(Config\Paths))
15 SYSTEMPATH\rewrite.php(44): require_once('C:\\xampp\\htdocs\\tb1\\booking_hotel\\public\\index.php')
INFO - 2024-11-14 07:40:30 --> Session: Class initialized using 'CodeIgniter\Session\Handlers\FileHandler' driver.
INFO - 2024-11-14 07:40:41 --> Session: Class initialized using 'CodeIgniter\Session\Handlers\FileHandler' driver.
ERROR - 2024-11-14 07:40:41 --> mysqli_sql_exception: Column 'id_tamu' cannot be null in C:\xampp\htdocs\tb1\booking_hotel\vendor\codeigniter4\framework\system\Database\MySQLi\Connection.php:312
Stack trace:
#0 C:\xampp\htdocs\tb1\booking_hotel\vendor\codeigniter4\framework\system\Database\MySQLi\Connection.php(312): mysqli->query('INSERT INTO `bo...', 0)
#1 C:\xampp\htdocs\tb1\booking_hotel\vendor\codeigniter4\framework\system\Database\BaseConnection.php(734): CodeIgniter\Database\MySQLi\Connection->execute('INSERT INTO `bo...')
#2 C:\xampp\htdocs\tb1\booking_hotel\vendor\codeigniter4\framework\system\Database\BaseConnection.php(648): CodeIgniter\Database\BaseConnection->simpleQuery('INSERT INTO `bo...')
#3 C:\xampp\htdocs\tb1\booking_hotel\vendor\codeigniter4\framework\system\Database\BaseBuilder.php(2340): CodeIgniter\Database\BaseConnection->query('INSERT INTO `bo...', Array, false)
#4 C:\xampp\htdocs\tb1\booking_hotel\vendor\codeigniter4\framework\system\Model.php(394): CodeIgniter\Database\BaseBuilder->insert()
#5 C:\xampp\htdocs\tb1\booking_hotel\vendor\codeigniter4\framework\system\BaseModel.php(840): CodeIgniter\Model->doInsert(Array)
#6 C:\xampp\htdocs\tb1\booking_hotel\vendor\codeigniter4\framework\system\Model.php(802): CodeIgniter\BaseModel->insert(Array, true)
#7 C:\xampp\htdocs\tb1\booking_hotel\app\Controllers\BookingController.php(127): CodeIgniter\Model->insert(Array)
#8 C:\xampp\htdocs\tb1\booking_hotel\vendor\codeigniter4\framework\system\CodeIgniter.php(933): App\Controllers\BookingController->storeBooking()
#9 C:\xampp\htdocs\tb1\booking_hotel\vendor\codeigniter4\framework\system\CodeIgniter.php(509): CodeIgniter\CodeIgniter->runController(Object(App\Controllers\BookingController))
#10 C:\xampp\htdocs\tb1\booking_hotel\vendor\codeigniter4\framework\system\CodeIgniter.php(355): CodeIgniter\CodeIgniter->handleRequest(NULL, Object(Config\Cache), false)
#11 C:\xampp\htdocs\tb1\booking_hotel\vendor\codeigniter4\framework\system\Boot.php(325): CodeIgniter\CodeIgniter->run()
#12 C:\xampp\htdocs\tb1\booking_hotel\vendor\codeigniter4\framework\system\Boot.php(67): CodeIgniter\Boot::runCodeIgniter(Object(CodeIgniter\CodeIgniter))
#13 C:\xampp\htdocs\tb1\booking_hotel\public\index.php(56): CodeIgniter\Boot::bootWeb(Object(Config\Paths))
#14 C:\xampp\htdocs\tb1\booking_hotel\vendor\codeigniter4\framework\system\rewrite.php(44): require_once('C:\\xampp\\htdocs...')
#15 {main}
CRITICAL - 2024-11-14 07:40:41 --> CodeIgniter\Database\Exceptions\DatabaseException: Column 'id_tamu' cannot be null
[Method: POST, Route: storeBooking]
in SYSTEMPATH\Database\BaseConnection.php on line 688.
 1 SYSTEMPATH\Database\BaseBuilder.php(2340): CodeIgniter\Database\BaseConnection->query('INSERT INTO `booking` (`id_tamu`, `id_kamar`, `tanggal_checkin`, `tanggal_checkout`, `jumlah_kamar`, `total_harga`, `status`) VALUES (:id_tamu:, :id_kamar:, :tanggal_checkin:, :tanggal_checkout:, :jumlah_kamar:, :total_harga:, :status:)', [...], false)
 2 SYSTEMPATH\Model.php(394): CodeIgniter\Database\BaseBuilder->insert()
 3 SYSTEMPATH\BaseModel.php(840): CodeIgniter\Model->doInsert([...])
 4 SYSTEMPATH\Model.php(802): CodeIgniter\BaseModel->insert([...], true)
 5 APPPATH\Controllers\BookingController.php(127): CodeIgniter\Model->insert([...])
 6 SYSTEMPATH\CodeIgniter.php(933): App\Controllers\BookingController->storeBooking()
 7 SYSTEMPATH\CodeIgniter.php(509): CodeIgniter\CodeIgniter->runController(Object(App\Controllers\BookingController))
 8 SYSTEMPATH\CodeIgniter.php(355): CodeIgniter\CodeIgniter->handleRequest(null, Object(Config\Cache), false)
 9 SYSTEMPATH\Boot.php(325): CodeIgniter\CodeIgniter->run()
10 SYSTEMPATH\Boot.php(67): CodeIgniter\Boot::runCodeIgniter(Object(CodeIgniter\CodeIgniter))
11 FCPATH\index.php(56): CodeIgniter\Boot::bootWeb(Object(Config\Paths))
12 SYSTEMPATH\rewrite.php(44): require_once('C:\\xampp\\htdocs\\tb1\\booking_hotel\\public\\index.php')
CRITICAL - 2024-11-14 07:40:41 --> [Caused by] CodeIgniter\Database\Exceptions\DatabaseException: Column 'id_tamu' cannot be null
in SYSTEMPATH\Database\MySQLi\Connection.php on line 317.
 1 SYSTEMPATH\Database\BaseConnection.php(734): CodeIgniter\Database\MySQLi\Connection->execute('INSERT INTO `booking` (`id_tamu`, `id_kamar`, `tanggal_checkin`, `tanggal_checkout`, `jumlah_kamar`, `total_harga`, `status`) VALUES (NULL, \'1\', \'2024-11-14\', \'2024-11-15\', \'1\', 450000, \'Booked\')')
 2 SYSTEMPATH\Database\BaseConnection.php(648): CodeIgniter\Database\BaseConnection->simpleQuery('INSERT INTO `booking` (`id_tamu`, `id_kamar`, `tanggal_checkin`, `tanggal_checkout`, `jumlah_kamar`, `total_harga`, `status`) VALUES (NULL, \'1\', \'2024-11-14\', \'2024-11-15\', \'1\', 450000, \'Booked\')')
 3 SYSTEMPATH\Database\BaseBuilder.php(2340): CodeIgniter\Database\BaseConnection->query('INSERT INTO `booking` (`id_tamu`, `id_kamar`, `tanggal_checkin`, `tanggal_checkout`, `jumlah_kamar`, `total_harga`, `status`) VALUES (:id_tamu:, :id_kamar:, :tanggal_checkin:, :tanggal_checkout:, :jumlah_kamar:, :total_harga:, :status:)', [...], false)
 4 SYSTEMPATH\Model.php(394): CodeIgniter\Database\BaseBuilder->insert()
 5 SYSTEMPATH\BaseModel.php(840): CodeIgniter\Model->doInsert([...])
 6 SYSTEMPATH\Model.php(802): CodeIgniter\BaseModel->insert([...], true)
 7 APPPATH\Controllers\BookingController.php(127): CodeIgniter\Model->insert([...])
 8 SYSTEMPATH\CodeIgniter.php(933): App\Controllers\BookingController->storeBooking()
 9 SYSTEMPATH\CodeIgniter.php(509): CodeIgniter\CodeIgniter->runController(Object(App\Controllers\BookingController))
10 SYSTEMPATH\CodeIgniter.php(355): CodeIgniter\CodeIgniter->handleRequest(null, Object(Config\Cache), false)
11 SYSTEMPATH\Boot.php(325): CodeIgniter\CodeIgniter->run()
12 SYSTEMPATH\Boot.php(67): CodeIgniter\Boot::runCodeIgniter(Object(CodeIgniter\CodeIgniter))
13 FCPATH\index.php(56): CodeIgniter\Boot::bootWeb(Object(Config\Paths))
14 SYSTEMPATH\rewrite.php(44): require_once('C:\\xampp\\htdocs\\tb1\\booking_hotel\\public\\index.php')
CRITICAL - 2024-11-14 07:40:41 --> [Caused by] mysqli_sql_exception: Column 'id_tamu' cannot be null
in SYSTEMPATH\Database\MySQLi\Connection.php on line 312.
 1 SYSTEMPATH\Database\MySQLi\Connection.php(312): mysqli->query('INSERT INTO `booking` (`id_tamu`, `id_kamar`, `tanggal_checkin`, `tanggal_checkout`, `jumlah_kamar`, `total_harga`, `status`) VALUES (NULL, \'1\', \'2024-11-14\', \'2024-11-15\', \'1\', 450000, \'Booked\')', 0)
 2 SYSTEMPATH\Database\BaseConnection.php(734): CodeIgniter\Database\MySQLi\Connection->execute('INSERT INTO `booking` (`id_tamu`, `id_kamar`, `tanggal_checkin`, `tanggal_checkout`, `jumlah_kamar`, `total_harga`, `status`) VALUES (NULL, \'1\', \'2024-11-14\', \'2024-11-15\', \'1\', 450000, \'Booked\')')
 3 SYSTEMPATH\Database\BaseConnection.php(648): CodeIgniter\Database\BaseConnection->simpleQuery('INSERT INTO `booking` (`id_tamu`, `id_kamar`, `tanggal_checkin`, `tanggal_checkout`, `jumlah_kamar`, `total_harga`, `status`) VALUES (NULL, \'1\', \'2024-11-14\', \'2024-11-15\', \'1\', 450000, \'Booked\')')
 4 SYSTEMPATH\Database\BaseBuilder.php(2340): CodeIgniter\Database\BaseConnection->query('INSERT INTO `booking` (`id_tamu`, `id_kamar`, `tanggal_checkin`, `tanggal_checkout`, `jumlah_kamar`, `total_harga`, `status`) VALUES (:id_tamu:, :id_kamar:, :tanggal_checkin:, :tanggal_checkout:, :jumlah_kamar:, :total_harga:, :status:)', [...], false)
 5 SYSTEMPATH\Model.php(394): CodeIgniter\Database\BaseBuilder->insert()
 6 SYSTEMPATH\BaseModel.php(840): CodeIgniter\Model->doInsert([...])
 7 SYSTEMPATH\Model.php(802): CodeIgniter\BaseModel->insert([...], true)
 8 APPPATH\Controllers\BookingController.php(127): CodeIgniter\Model->insert([...])
 9 SYSTEMPATH\CodeIgniter.php(933): App\Controllers\BookingController->storeBooking()
10 SYSTEMPATH\CodeIgniter.php(509): CodeIgniter\CodeIgniter->runController(Object(App\Controllers\BookingController))
11 SYSTEMPATH\CodeIgniter.php(355): CodeIgniter\CodeIgniter->handleRequest(null, Object(Config\Cache), false)
12 SYSTEMPATH\Boot.php(325): CodeIgniter\CodeIgniter->run()
13 SYSTEMPATH\Boot.php(67): CodeIgniter\Boot::runCodeIgniter(Object(CodeIgniter\CodeIgniter))
14 FCPATH\index.php(56): CodeIgniter\Boot::bootWeb(Object(Config\Paths))
15 SYSTEMPATH\rewrite.php(44): require_once('C:\\xampp\\htdocs\\tb1\\booking_hotel\\public\\index.php')
INFO - 2024-11-14 07:53:45 --> Session: Class initialized using 'CodeIgniter\Session\Handlers\FileHandler' driver.
INFO - 2024-11-14 07:54:11 --> Session: Class initialized using 'CodeIgniter\Session\Handlers\FileHandler' driver.
INFO - 2024-11-14 07:56:08 --> Session: Class initialized using 'CodeIgniter\Session\Handlers\FileHandler' driver.
INFO - 2024-11-14 07:56:23 --> Session: Class initialized using 'CodeIgniter\Session\Handlers\FileHandler' driver.
ERROR - 2024-11-14 07:56:23 --> mysqli_sql_exception: Cannot add or update a child row: a foreign key constraint fails (`hotel_mercubuana2`.`booking`, CONSTRAINT `booking_id_tamu_foreign` FOREIGN KEY (`id_tamu`) REFERENCES `tamu` (`id`) ON DELETE CASCADE ON UPDATE CASCADE) in C:\xampp\htdocs\tb1\booking_hotel\vendor\codeigniter4\framework\system\Database\MySQLi\Connection.php:312
Stack trace:
#0 C:\xampp\htdocs\tb1\booking_hotel\vendor\codeigniter4\framework\system\Database\MySQLi\Connection.php(312): mysqli->query('INSERT INTO `bo...', 0)
#1 C:\xampp\htdocs\tb1\booking_hotel\vendor\codeigniter4\framework\system\Database\BaseConnection.php(734): CodeIgniter\Database\MySQLi\Connection->execute('INSERT INTO `bo...')
#2 C:\xampp\htdocs\tb1\booking_hotel\vendor\codeigniter4\framework\system\Database\BaseConnection.php(648): CodeIgniter\Database\BaseConnection->simpleQuery('INSERT INTO `bo...')
#3 C:\xampp\htdocs\tb1\booking_hotel\vendor\codeigniter4\framework\system\Database\BaseBuilder.php(2340): CodeIgniter\Database\BaseConnection->query('INSERT INTO `bo...', Array, false)
#4 C:\xampp\htdocs\tb1\booking_hotel\vendor\codeigniter4\framework\system\Model.php(394): CodeIgniter\Database\BaseBuilder->insert()
#5 C:\xampp\htdocs\tb1\booking_hotel\vendor\codeigniter4\framework\system\BaseModel.php(840): CodeIgniter\Model->doInsert(Array)
#6 C:\xampp\htdocs\tb1\booking_hotel\vendor\codeigniter4\framework\system\Model.php(802): CodeIgniter\BaseModel->insert(Array, true)
#7 C:\xampp\htdocs\tb1\booking_hotel\app\Controllers\BookingController.php(127): CodeIgniter\Model->insert(Array)
#8 C:\xampp\htdocs\tb1\booking_hotel\vendor\codeigniter4\framework\system\CodeIgniter.php(933): App\Controllers\BookingController->storeBooking()
#9 C:\xampp\htdocs\tb1\booking_hotel\vendor\codeigniter4\framework\system\CodeIgniter.php(509): CodeIgniter\CodeIgniter->runController(Object(App\Controllers\BookingController))
#10 C:\xampp\htdocs\tb1\booking_hotel\vendor\codeigniter4\framework\system\CodeIgniter.php(355): CodeIgniter\CodeIgniter->handleRequest(NULL, Object(Config\Cache), false)
#11 C:\xampp\htdocs\tb1\booking_hotel\vendor\codeigniter4\framework\system\Boot.php(325): CodeIgniter\CodeIgniter->run()
#12 C:\xampp\htdocs\tb1\booking_hotel\vendor\codeigniter4\framework\system\Boot.php(67): CodeIgniter\Boot::runCodeIgniter(Object(CodeIgniter\CodeIgniter))
#13 C:\xampp\htdocs\tb1\booking_hotel\public\index.php(56): CodeIgniter\Boot::bootWeb(Object(Config\Paths))
#14 C:\xampp\htdocs\tb1\booking_hotel\vendor\codeigniter4\framework\system\rewrite.php(44): require_once('C:\\xampp\\htdocs...')
#15 {main}
CRITICAL - 2024-11-14 07:56:23 --> CodeIgniter\Database\Exceptions\DatabaseException: Cannot add or update a child row: a foreign key constraint fails (`hotel_mercubuana2`.`booking`, CONSTRAINT `booking_id_tamu_foreign` FOREIGN KEY (`id_tamu`) REFERENCES `tamu` (`id`) ON DELETE CASCADE ON UPDATE CASCADE)
[Method: POST, Route: storeBooking]
in SYSTEMPATH\Database\BaseConnection.php on line 688.
 1 SYSTEMPATH\Database\BaseBuilder.php(2340): CodeIgniter\Database\BaseConnection->query('INSERT INTO `booking` (`id_tamu`, `id_kamar`, `tanggal_checkin`, `tanggal_checkout`, `jumlah_kamar`, `total_harga`, `status`) VALUES (:id_tamu:, :id_kamar:, :tanggal_checkin:, :tanggal_checkout:, :jumlah_kamar:, :total_harga:, :status:)', [...], false)
 2 SYSTEMPATH\Model.php(394): CodeIgniter\Database\BaseBuilder->insert()
 3 SYSTEMPATH\BaseModel.php(840): CodeIgniter\Model->doInsert([...])
 4 SYSTEMPATH\Model.php(802): CodeIgniter\BaseModel->insert([...], true)
 5 APPPATH\Controllers\BookingController.php(127): CodeIgniter\Model->insert([...])
 6 SYSTEMPATH\CodeIgniter.php(933): App\Controllers\BookingController->storeBooking()
 7 SYSTEMPATH\CodeIgniter.php(509): CodeIgniter\CodeIgniter->runController(Object(App\Controllers\BookingController))
 8 SYSTEMPATH\CodeIgniter.php(355): CodeIgniter\CodeIgniter->handleRequest(null, Object(Config\Cache), false)
 9 SYSTEMPATH\Boot.php(325): CodeIgniter\CodeIgniter->run()
10 SYSTEMPATH\Boot.php(67): CodeIgniter\Boot::runCodeIgniter(Object(CodeIgniter\CodeIgniter))
11 FCPATH\index.php(56): CodeIgniter\Boot::bootWeb(Object(Config\Paths))
12 SYSTEMPATH\rewrite.php(44): require_once('C:\\xampp\\htdocs\\tb1\\booking_hotel\\public\\index.php')
CRITICAL - 2024-11-14 07:56:23 --> [Caused by] CodeIgniter\Database\Exceptions\DatabaseException: Cannot add or update a child row: a foreign key constraint fails (`hotel_mercubuana2`.`booking`, CONSTRAINT `booking_id_tamu_foreign` FOREIGN KEY (`id_tamu`) REFERENCES `tamu` (`id`) ON DELETE CASCADE ON UPDATE CASCADE)
in SYSTEMPATH\Database\MySQLi\Connection.php on line 317.
 1 SYSTEMPATH\Database\BaseConnection.php(734): CodeIgniter\Database\MySQLi\Connection->execute('INSERT INTO `booking` (`id_tamu`, `id_kamar`, `tanggal_checkin`, `tanggal_checkout`, `jumlah_kamar`, `total_harga`, `status`) VALUES (\'2\', \'1\', \'2024-11-14\', \'2024-11-15\', \'1\', 450000, \'Booked\')')
 2 SYSTEMPATH\Database\BaseConnection.php(648): CodeIgniter\Database\BaseConnection->simpleQuery('INSERT INTO `booking` (`id_tamu`, `id_kamar`, `tanggal_checkin`, `tanggal_checkout`, `jumlah_kamar`, `total_harga`, `status`) VALUES (\'2\', \'1\', \'2024-11-14\', \'2024-11-15\', \'1\', 450000, \'Booked\')')
 3 SYSTEMPATH\Database\BaseBuilder.php(2340): CodeIgniter\Database\BaseConnection->query('INSERT INTO `booking` (`id_tamu`, `id_kamar`, `tanggal_checkin`, `tanggal_checkout`, `jumlah_kamar`, `total_harga`, `status`) VALUES (:id_tamu:, :id_kamar:, :tanggal_checkin:, :tanggal_checkout:, :jumlah_kamar:, :total_harga:, :status:)', [...], false)
 4 SYSTEMPATH\Model.php(394): CodeIgniter\Database\BaseBuilder->insert()
 5 SYSTEMPATH\BaseModel.php(840): CodeIgniter\Model->doInsert([...])
 6 SYSTEMPATH\Model.php(802): CodeIgniter\BaseModel->insert([...], true)
 7 APPPATH\Controllers\BookingController.php(127): CodeIgniter\Model->insert([...])
 8 SYSTEMPATH\CodeIgniter.php(933): App\Controllers\BookingController->storeBooking()
 9 SYSTEMPATH\CodeIgniter.php(509): CodeIgniter\CodeIgniter->runController(Object(App\Controllers\BookingController))
10 SYSTEMPATH\CodeIgniter.php(355): CodeIgniter\CodeIgniter->handleRequest(null, Object(Config\Cache), false)
11 SYSTEMPATH\Boot.php(325): CodeIgniter\CodeIgniter->run()
12 SYSTEMPATH\Boot.php(67): CodeIgniter\Boot::runCodeIgniter(Object(CodeIgniter\CodeIgniter))
13 FCPATH\index.php(56): CodeIgniter\Boot::bootWeb(Object(Config\Paths))
14 SYSTEMPATH\rewrite.php(44): require_once('C:\\xampp\\htdocs\\tb1\\booking_hotel\\public\\index.php')
CRITICAL - 2024-11-14 07:56:23 --> [Caused by] mysqli_sql_exception: Cannot add or update a child row: a foreign key constraint fails (`hotel_mercubuana2`.`booking`, CONSTRAINT `booking_id_tamu_foreign` FOREIGN KEY (`id_tamu`) REFERENCES `tamu` (`id`) ON DELETE CASCADE ON UPDATE CASCADE)
in SYSTEMPATH\Database\MySQLi\Connection.php on line 312.
 1 SYSTEMPATH\Database\MySQLi\Connection.php(312): mysqli->query('INSERT INTO `booking` (`id_tamu`, `id_kamar`, `tanggal_checkin`, `tanggal_checkout`, `jumlah_kamar`, `total_harga`, `status`) VALUES (\'2\', \'1\', \'2024-11-14\', \'2024-11-15\', \'1\', 450000, \'Booked\')', 0)
 2 SYSTEMPATH\Database\BaseConnection.php(734): CodeIgniter\Database\MySQLi\Connection->execute('INSERT INTO `booking` (`id_tamu`, `id_kamar`, `tanggal_checkin`, `tanggal_checkout`, `jumlah_kamar`, `total_harga`, `status`) VALUES (\'2\', \'1\', \'2024-11-14\', \'2024-11-15\', \'1\', 450000, \'Booked\')')
 3 SYSTEMPATH\Database\BaseConnection.php(648): CodeIgniter\Database\BaseConnection->simpleQuery('INSERT INTO `booking` (`id_tamu`, `id_kamar`, `tanggal_checkin`, `tanggal_checkout`, `jumlah_kamar`, `total_harga`, `status`) VALUES (\'2\', \'1\', \'2024-11-14\', \'2024-11-15\', \'1\', 450000, \'Booked\')')
 4 SYSTEMPATH\Database\BaseBuilder.php(2340): CodeIgniter\Database\BaseConnection->query('INSERT INTO `booking` (`id_tamu`, `id_kamar`, `tanggal_checkin`, `tanggal_checkout`, `jumlah_kamar`, `total_harga`, `status`) VALUES (:id_tamu:, :id_kamar:, :tanggal_checkin:, :tanggal_checkout:, :jumlah_kamar:, :total_harga:, :status:)', [...], false)
 5 SYSTEMPATH\Model.php(394): CodeIgniter\Database\BaseBuilder->insert()
 6 SYSTEMPATH\BaseModel.php(840): CodeIgniter\Model->doInsert([...])
 7 SYSTEMPATH\Model.php(802): CodeIgniter\BaseModel->insert([...], true)
 8 APPPATH\Controllers\BookingController.php(127): CodeIgniter\Model->insert([...])
 9 SYSTEMPATH\CodeIgniter.php(933): App\Controllers\BookingController->storeBooking()
10 SYSTEMPATH\CodeIgniter.php(509): CodeIgniter\CodeIgniter->runController(Object(App\Controllers\BookingController))
11 SYSTEMPATH\CodeIgniter.php(355): CodeIgniter\CodeIgniter->handleRequest(null, Object(Config\Cache), false)
12 SYSTEMPATH\Boot.php(325): CodeIgniter\CodeIgniter->run()
13 SYSTEMPATH\Boot.php(67): CodeIgniter\Boot::runCodeIgniter(Object(CodeIgniter\CodeIgniter))
14 FCPATH\index.php(56): CodeIgniter\Boot::bootWeb(Object(Config\Paths))
15 SYSTEMPATH\rewrite.php(44): require_once('C:\\xampp\\htdocs\\tb1\\booking_hotel\\public\\index.php')
INFO - 2024-11-14 10:02:24 --> Session: Class initialized using 'CodeIgniter\Session\Handlers\FileHandler' driver.
INFO - 2024-11-14 10:02:37 --> Session: Class initialized using 'CodeIgniter\Session\Handlers\FileHandler' driver.
ERROR - 2024-11-14 10:02:37 --> mysqli_sql_exception: Column 'id_tamu' cannot be null in C:\xampp\htdocs\tb1\booking_hotel\vendor\codeigniter4\framework\system\Database\MySQLi\Connection.php:312
Stack trace:
#0 C:\xampp\htdocs\tb1\booking_hotel\vendor\codeigniter4\framework\system\Database\MySQLi\Connection.php(312): mysqli->query('INSERT INTO `bo...', 0)
#1 C:\xampp\htdocs\tb1\booking_hotel\vendor\codeigniter4\framework\system\Database\BaseConnection.php(734): CodeIgniter\Database\MySQLi\Connection->execute('INSERT INTO `bo...')
#2 C:\xampp\htdocs\tb1\booking_hotel\vendor\codeigniter4\framework\system\Database\BaseConnection.php(648): CodeIgniter\Database\BaseConnection->simpleQuery('INSERT INTO `bo...')
#3 C:\xampp\htdocs\tb1\booking_hotel\vendor\codeigniter4\framework\system\Database\BaseBuilder.php(2340): CodeIgniter\Database\BaseConnection->query('INSERT INTO `bo...', Array, false)
#4 C:\xampp\htdocs\tb1\booking_hotel\vendor\codeigniter4\framework\system\Model.php(394): CodeIgniter\Database\BaseBuilder->insert()
#5 C:\xampp\htdocs\tb1\booking_hotel\vendor\codeigniter4\framework\system\BaseModel.php(840): CodeIgniter\Model->doInsert(Array)
#6 C:\xampp\htdocs\tb1\booking_hotel\vendor\codeigniter4\framework\system\Model.php(802): CodeIgniter\BaseModel->insert(Array, true)
#7 C:\xampp\htdocs\tb1\booking_hotel\app\Controllers\BookingController.php(127): CodeIgniter\Model->insert(Array)
#8 C:\xampp\htdocs\tb1\booking_hotel\vendor\codeigniter4\framework\system\CodeIgniter.php(933): App\Controllers\BookingController->storeBooking()
#9 C:\xampp\htdocs\tb1\booking_hotel\vendor\codeigniter4\framework\system\CodeIgniter.php(509): CodeIgniter\CodeIgniter->runController(Object(App\Controllers\BookingController))
#10 C:\xampp\htdocs\tb1\booking_hotel\vendor\codeigniter4\framework\system\CodeIgniter.php(355): CodeIgniter\CodeIgniter->handleRequest(NULL, Object(Config\Cache), false)
#11 C:\xampp\htdocs\tb1\booking_hotel\vendor\codeigniter4\framework\system\Boot.php(325): CodeIgniter\CodeIgniter->run()
#12 C:\xampp\htdocs\tb1\booking_hotel\vendor\codeigniter4\framework\system\Boot.php(67): CodeIgniter\Boot::runCodeIgniter(Object(CodeIgniter\CodeIgniter))
#13 C:\xampp\htdocs\tb1\booking_hotel\public\index.php(56): CodeIgniter\Boot::bootWeb(Object(Config\Paths))
#14 C:\xampp\htdocs\tb1\booking_hotel\vendor\codeigniter4\framework\system\rewrite.php(44): require_once('C:\\xampp\\htdocs...')
#15 {main}
CRITICAL - 2024-11-14 10:02:37 --> CodeIgniter\Database\Exceptions\DatabaseException: Column 'id_tamu' cannot be null
[Method: POST, Route: storeBooking]
in SYSTEMPATH\Database\BaseConnection.php on line 688.
 1 SYSTEMPATH\Database\BaseBuilder.php(2340): CodeIgniter\Database\BaseConnection->query('INSERT INTO `booking` (`id_tamu`, `id_kamar`, `tanggal_checkin`, `tanggal_checkout`, `jumlah_kamar`, `total_harga`, `status`) VALUES (:id_tamu:, :id_kamar:, :tanggal_checkin:, :tanggal_checkout:, :jumlah_kamar:, :total_harga:, :status:)', [...], false)
 2 SYSTEMPATH\Model.php(394): CodeIgniter\Database\BaseBuilder->insert()
 3 SYSTEMPATH\BaseModel.php(840): CodeIgniter\Model->doInsert([...])
 4 SYSTEMPATH\Model.php(802): CodeIgniter\BaseModel->insert([...], true)
 5 APPPATH\Controllers\BookingController.php(127): CodeIgniter\Model->insert([...])
 6 SYSTEMPATH\CodeIgniter.php(933): App\Controllers\BookingController->storeBooking()
 7 SYSTEMPATH\CodeIgniter.php(509): CodeIgniter\CodeIgniter->runController(Object(App\Controllers\BookingController))
 8 SYSTEMPATH\CodeIgniter.php(355): CodeIgniter\CodeIgniter->handleRequest(null, Object(Config\Cache), false)
 9 SYSTEMPATH\Boot.php(325): CodeIgniter\CodeIgniter->run()
10 SYSTEMPATH\Boot.php(67): CodeIgniter\Boot::runCodeIgniter(Object(CodeIgniter\CodeIgniter))
11 FCPATH\index.php(56): CodeIgniter\Boot::bootWeb(Object(Config\Paths))
12 SYSTEMPATH\rewrite.php(44): require_once('C:\\xampp\\htdocs\\tb1\\booking_hotel\\public\\index.php')
CRITICAL - 2024-11-14 10:02:37 --> [Caused by] CodeIgniter\Database\Exceptions\DatabaseException: Column 'id_tamu' cannot be null
in SYSTEMPATH\Database\MySQLi\Connection.php on line 317.
 1 SYSTEMPATH\Database\BaseConnection.php(734): CodeIgniter\Database\MySQLi\Connection->execute('INSERT INTO `booking` (`id_tamu`, `id_kamar`, `tanggal_checkin`, `tanggal_checkout`, `jumlah_kamar`, `total_harga`, `status`) VALUES (NULL, \'1\', \'2024-11-12\', \'2024-11-13\', \'1\', 450000, \'Booked\')')
 2 SYSTEMPATH\Database\BaseConnection.php(648): CodeIgniter\Database\BaseConnection->simpleQuery('INSERT INTO `booking` (`id_tamu`, `id_kamar`, `tanggal_checkin`, `tanggal_checkout`, `jumlah_kamar`, `total_harga`, `status`) VALUES (NULL, \'1\', \'2024-11-12\', \'2024-11-13\', \'1\', 450000, \'Booked\')')
 3 SYSTEMPATH\Database\BaseBuilder.php(2340): CodeIgniter\Database\BaseConnection->query('INSERT INTO `booking` (`id_tamu`, `id_kamar`, `tanggal_checkin`, `tanggal_checkout`, `jumlah_kamar`, `total_harga`, `status`) VALUES (:id_tamu:, :id_kamar:, :tanggal_checkin:, :tanggal_checkout:, :jumlah_kamar:, :total_harga:, :status:)', [...], false)
 4 SYSTEMPATH\Model.php(394): CodeIgniter\Database\BaseBuilder->insert()
 5 SYSTEMPATH\BaseModel.php(840): CodeIgniter\Model->doInsert([...])
 6 SYSTEMPATH\Model.php(802): CodeIgniter\BaseModel->insert([...], true)
 7 APPPATH\Controllers\BookingController.php(127): CodeIgniter\Model->insert([...])
 8 SYSTEMPATH\CodeIgniter.php(933): App\Controllers\BookingController->storeBooking()
 9 SYSTEMPATH\CodeIgniter.php(509): CodeIgniter\CodeIgniter->runController(Object(App\Controllers\BookingController))
10 SYSTEMPATH\CodeIgniter.php(355): CodeIgniter\CodeIgniter->handleRequest(null, Object(Config\Cache), false)
11 SYSTEMPATH\Boot.php(325): CodeIgniter\CodeIgniter->run()
12 SYSTEMPATH\Boot.php(67): CodeIgniter\Boot::runCodeIgniter(Object(CodeIgniter\CodeIgniter))
13 FCPATH\index.php(56): CodeIgniter\Boot::bootWeb(Object(Config\Paths))
14 SYSTEMPATH\rewrite.php(44): require_once('C:\\xampp\\htdocs\\tb1\\booking_hotel\\public\\index.php')
CRITICAL - 2024-11-14 10:02:37 --> [Caused by] mysqli_sql_exception: Column 'id_tamu' cannot be null
in SYSTEMPATH\Database\MySQLi\Connection.php on line 312.
 1 SYSTEMPATH\Database\MySQLi\Connection.php(312): mysqli->query('INSERT INTO `booking` (`id_tamu`, `id_kamar`, `tanggal_checkin`, `tanggal_checkout`, `jumlah_kamar`, `total_harga`, `status`) VALUES (NULL, \'1\', \'2024-11-12\', \'2024-11-13\', \'1\', 450000, \'Booked\')', 0)
 2 SYSTEMPATH\Database\BaseConnection.php(734): CodeIgniter\Database\MySQLi\Connection->execute('INSERT INTO `booking` (`id_tamu`, `id_kamar`, `tanggal_checkin`, `tanggal_checkout`, `jumlah_kamar`, `total_harga`, `status`) VALUES (NULL, \'1\', \'2024-11-12\', \'2024-11-13\', \'1\', 450000, \'Booked\')')
 3 SYSTEMPATH\Database\BaseConnection.php(648): CodeIgniter\Database\BaseConnection->simpleQuery('INSERT INTO `booking` (`id_tamu`, `id_kamar`, `tanggal_checkin`, `tanggal_checkout`, `jumlah_kamar`, `total_harga`, `status`) VALUES (NULL, \'1\', \'2024-11-12\', \'2024-11-13\', \'1\', 450000, \'Booked\')')
 4 SYSTEMPATH\Database\BaseBuilder.php(2340): CodeIgniter\Database\BaseConnection->query('INSERT INTO `booking` (`id_tamu`, `id_kamar`, `tanggal_checkin`, `tanggal_checkout`, `jumlah_kamar`, `total_harga`, `status`) VALUES (:id_tamu:, :id_kamar:, :tanggal_checkin:, :tanggal_checkout:, :jumlah_kamar:, :total_harga:, :status:)', [...], false)
 5 SYSTEMPATH\Model.php(394): CodeIgniter\Database\BaseBuilder->insert()
 6 SYSTEMPATH\BaseModel.php(840): CodeIgniter\Model->doInsert([...])
 7 SYSTEMPATH\Model.php(802): CodeIgniter\BaseModel->insert([...], true)
 8 APPPATH\Controllers\BookingController.php(127): CodeIgniter\Model->insert([...])
 9 SYSTEMPATH\CodeIgniter.php(933): App\Controllers\BookingController->storeBooking()
10 SYSTEMPATH\CodeIgniter.php(509): CodeIgniter\CodeIgniter->runController(Object(App\Controllers\BookingController))
11 SYSTEMPATH\CodeIgniter.php(355): CodeIgniter\CodeIgniter->handleRequest(null, Object(Config\Cache), false)
12 SYSTEMPATH\Boot.php(325): CodeIgniter\CodeIgniter->run()
13 SYSTEMPATH\Boot.php(67): CodeIgniter\Boot::runCodeIgniter(Object(CodeIgniter\CodeIgniter))
14 FCPATH\index.php(56): CodeIgniter\Boot::bootWeb(Object(Config\Paths))
15 SYSTEMPATH\rewrite.php(44): require_once('C:\\xampp\\htdocs\\tb1\\booking_hotel\\public\\index.php')
